<?xml version="1.0" encoding="UTF-8"?>
<!-- Generated by org.testng.reporters.JUnitReportReporter -->
<testsuite hostname="LAPTOP-KGO0Q2M2" failures="0" tests="3" name="com.employeeapi.testcases.TC_004_PutRequest" time="6.039" errors="0" timestamp="14 Apr 2021 12:59:17 GMT" skipped="0">
  <testcase classname="com.employeeapi.testcases.TC_004_PutRequest" name="checkStatusCode" time="0.009"/>
  <testcase classname="com.employeeapi.testcases.TC_004_PutRequest" name="checkContentType" time="3.010"/>
  <testcase classname="com.employeeapi.testcases.TC_004_PutRequest" name="checkResponseBody" time="3.020"/>
</testsuite> <!-- com.employeeapi.testcases.TC_004_PutRequest -->
