<?xml version="1.0" encoding="UTF-8"?>
<!-- Generated by org.testng.reporters.JUnitReportReporter -->
<testsuite hostname="LAPTOP-KGO0Q2M2" failures="0" tests="1" name="com.employeeapi.testcases.TC_005_DeleteRequest" time="3.015" errors="0" timestamp="14 Apr 2021 12:57:37 GMT" skipped="0">
  <testcase classname="com.employeeapi.testcases.TC_005_DeleteRequest" name="checkResponseBody" time="3.015"/>
</testsuite> <!-- com.employeeapi.testcases.TC_005_DeleteRequest -->
