<?xml version="1.0" encoding="UTF-8"?>
<!-- Generated by org.testng.reporters.JUnitReportReporter -->
<testsuite hostname="LAPTOP-KGO0Q2M2" failures="0" tests="1" name="com.employeeapi.testcases.TC_001_GetAllEmployees" time="3.012" errors="0" timestamp="14 Apr 2021 12:53:03 GMT" skipped="0">
  <testcase classname="com.employeeapi.testcases.TC_001_GetAllEmployees" name="serverType" time="3.012"/>
</testsuite> <!-- com.employeeapi.testcases.TC_001_GetAllEmployees -->
